2023-09-15T20:30:45+00:00 CRITICAL syntax error, unexpected token ",", expecting variable in C:\xampp\htdocs\wish\wp-content\themes\wish-theme\functions.php on line 247

2023-09-15T20:30:47+00:00 CRITICAL syntax error, unexpected token ",", expecting variable in C:\xampp\htdocs\wish\wp-content\themes\wish-theme\functions.php on line 247

2023-09-15T20:30:57+00:00 CRITICAL syntax error, unexpected token ",", expecting variable in C:\xampp\htdocs\wish\wp-content\themes\wish-theme\functions.php on line 247

2023-09-15T20:30:59+00:00 CRITICAL syntax error, unexpected token ",", expecting variable in C:\xampp\htdocs\wish\wp-content\themes\wish-theme\functions.php on line 247

2023-09-15T20:51:44+00:00 CRITICAL syntax error, unexpected token "<" in C:\xampp\htdocs\wish\wp-content\themes\wish-theme\inc\header-function.php on line 136

2023-09-15T20:51:45+00:00 CRITICAL syntax error, unexpected token "<" in C:\xampp\htdocs\wish\wp-content\themes\wish-theme\inc\header-function.php on line 136

2023-09-15T23:02:17+00:00 CRITICAL Uncaught Error: Call to undefined function wp_main_menu() in C:\xampp\htdocs\wish\wp-content\themes\wish-theme\inc\admin-function.php:61
Stack trace:
#0 C:\xampp\htdocs\wish\wp-content\themes\wish-theme\inc\header-function.php(139): th_shop_mania_main_extra_menu()
#1 C:\xampp\htdocs\wish\wp-includes\class-wp-hook.php(310): th_shop_mania_below_header_markup('')
#2 C:\xampp\htdocs\wish\wp-includes\class-wp-hook.php(334): WP_Hook->apply_filters('', Array)
#3 C:\xampp\htdocs\wish\wp-includes\plugin.php(517): WP_Hook->do_action(Array)
#4 C:\xampp\htdocs\wish\wp-content\themes\wish-theme\inc\header-function.php(281): do_action('th_shop_mania_b...')
#5 C:\xampp\htdocs\wish\wp-content\themes\wish-theme\header.php(63): th_shop_mania_header_btm_post_meta('')
#6 C:\xampp\htdocs\wish\wp-includes\template.php(785): require_once('C:\\xampp\\htdocs...')
#7 C:\xampp\htdocs\wish\wp-includes\template.php(720): load_template('C:\\xampp\\htdocs...', true, Array)
#8 C:\xampp\htdocs\wish\wp-includes\general-template.php(48): locate_template(Array, true, true, Array)
#9 C:\xampp\htdocs\wish\wp-content\themes\wish-theme\woocommerce.php(11): get_header()
#10 C:\xampp\htdocs\wish\wp-includes\template-loader.php(106): include('C:\\xampp\\htdocs...')
#11 C:\xampp\htdocs\wish\wp-blog-header.php(19): require_once('C:\\xampp\\htdocs...')
#12 C:\xampp\htdocs\wish\index.php(17): require('C:\\xampp\\htdocs...')
#13 {main}
  thrown in C:\xampp\htdocs\wish\wp-content\themes\wish-theme\inc\admin-function.php on line 61

2023-09-15T23:03:51+00:00 CRITICAL Uncaught Error: Call to undefined function wp_main_menu() in C:\xampp\htdocs\wish\wp-content\themes\wish-theme\inc\admin-function.php:61
Stack trace:
#0 C:\xampp\htdocs\wish\wp-content\themes\wish-theme\inc\header-function.php(139): th_shop_mania_main_extra_menu()
#1 C:\xampp\htdocs\wish\wp-includes\class-wp-hook.php(310): th_shop_mania_below_header_markup('')
#2 C:\xampp\htdocs\wish\wp-includes\class-wp-hook.php(334): WP_Hook->apply_filters('', Array)
#3 C:\xampp\htdocs\wish\wp-includes\plugin.php(517): WP_Hook->do_action(Array)
#4 C:\xampp\htdocs\wish\wp-content\themes\wish-theme\inc\header-function.php(281): do_action('th_shop_mania_b...')
#5 C:\xampp\htdocs\wish\wp-content\themes\wish-theme\header.php(63): th_shop_mania_header_btm_post_meta('')
#6 C:\xampp\htdocs\wish\wp-includes\template.php(785): require_once('C:\\xampp\\htdocs...')
#7 C:\xampp\htdocs\wish\wp-includes\template.php(720): load_template('C:\\xampp\\htdocs...', true, Array)
#8 C:\xampp\htdocs\wish\wp-includes\general-template.php(48): locate_template(Array, true, true, Array)
#9 C:\xampp\htdocs\wish\wp-content\themes\wish-theme\woocommerce.php(11): get_header()
#10 C:\xampp\htdocs\wish\wp-includes\template-loader.php(106): include('C:\\xampp\\htdocs...')
#11 C:\xampp\htdocs\wish\wp-blog-header.php(19): require_once('C:\\xampp\\htdocs...')
#12 C:\xampp\htdocs\wish\index.php(17): require('C:\\xampp\\htdocs...')
#13 {main}
  thrown in C:\xampp\htdocs\wish\wp-content\themes\wish-theme\inc\admin-function.php on line 61

2023-09-15T23:04:00+00:00 CRITICAL Uncaught Error: Call to undefined function wp_main_menu() in C:\xampp\htdocs\wish\wp-content\themes\wish-theme\inc\admin-function.php:61
Stack trace:
#0 C:\xampp\htdocs\wish\wp-content\themes\wish-theme\inc\header-function.php(139): th_shop_mania_main_extra_menu()
#1 C:\xampp\htdocs\wish\wp-includes\class-wp-hook.php(310): th_shop_mania_below_header_markup('')
#2 C:\xampp\htdocs\wish\wp-includes\class-wp-hook.php(334): WP_Hook->apply_filters('', Array)
#3 C:\xampp\htdocs\wish\wp-includes\plugin.php(517): WP_Hook->do_action(Array)
#4 C:\xampp\htdocs\wish\wp-content\themes\wish-theme\inc\header-function.php(281): do_action('th_shop_mania_b...')
#5 C:\xampp\htdocs\wish\wp-content\themes\wish-theme\header.php(63): th_shop_mania_header_btm_post_meta('')
#6 C:\xampp\htdocs\wish\wp-includes\template.php(785): require_once('C:\\xampp\\htdocs...')
#7 C:\xampp\htdocs\wish\wp-includes\template.php(720): load_template('C:\\xampp\\htdocs...', true, Array)
#8 C:\xampp\htdocs\wish\wp-includes\general-template.php(48): locate_template(Array, true, true, Array)
#9 C:\xampp\htdocs\wish\wp-content\themes\wish-theme\woocommerce.php(11): get_header()
#10 C:\xampp\htdocs\wish\wp-includes\template-loader.php(106): include('C:\\xampp\\htdocs...')
#11 C:\xampp\htdocs\wish\wp-blog-header.php(19): require_once('C:\\xampp\\htdocs...')
#12 C:\xampp\htdocs\wish\index.php(17): require('C:\\xampp\\htdocs...')
#13 {main}
  thrown in C:\xampp\htdocs\wish\wp-content\themes\wish-theme\inc\admin-function.php on line 61

2023-09-15T23:04:37+00:00 CRITICAL Uncaught Error: Call to undefined function wp_main_menu() in C:\xampp\htdocs\wish\wp-content\themes\wish-theme\inc\admin-function.php:61
Stack trace:
#0 C:\xampp\htdocs\wish\wp-content\themes\wish-theme\inc\header-function.php(139): th_shop_mania_main_extra_menu()
#1 C:\xampp\htdocs\wish\wp-includes\class-wp-hook.php(310): th_shop_mania_below_header_markup('')
#2 C:\xampp\htdocs\wish\wp-includes\class-wp-hook.php(334): WP_Hook->apply_filters('', Array)
#3 C:\xampp\htdocs\wish\wp-includes\plugin.php(517): WP_Hook->do_action(Array)
#4 C:\xampp\htdocs\wish\wp-content\themes\wish-theme\inc\header-function.php(281): do_action('th_shop_mania_b...')
#5 C:\xampp\htdocs\wish\wp-content\themes\wish-theme\header.php(63): th_shop_mania_header_btm_post_meta('')
#6 C:\xampp\htdocs\wish\wp-includes\template.php(785): require_once('C:\\xampp\\htdocs...')
#7 C:\xampp\htdocs\wish\wp-includes\template.php(720): load_template('C:\\xampp\\htdocs...', true, Array)
#8 C:\xampp\htdocs\wish\wp-includes\general-template.php(48): locate_template(Array, true, true, Array)
#9 C:\xampp\htdocs\wish\wp-content\themes\wish-theme\woocommerce.php(11): get_header()
#10 C:\xampp\htdocs\wish\wp-includes\template-loader.php(106): include('C:\\xampp\\htdocs...')
#11 C:\xampp\htdocs\wish\wp-blog-header.php(19): require_once('C:\\xampp\\htdocs...')
#12 C:\xampp\htdocs\wish\index.php(17): require('C:\\xampp\\htdocs...')
#13 {main}
  thrown in C:\xampp\htdocs\wish\wp-content\themes\wish-theme\inc\admin-function.php on line 61

2023-09-15T23:04:47+00:00 CRITICAL Uncaught Error: Call to undefined function wp_main_menu() in C:\xampp\htdocs\wish\wp-content\themes\wish-theme\inc\admin-function.php:61
Stack trace:
#0 C:\xampp\htdocs\wish\wp-content\themes\wish-theme\inc\header-function.php(139): th_shop_mania_main_extra_menu()
#1 C:\xampp\htdocs\wish\wp-includes\class-wp-hook.php(310): th_shop_mania_below_header_markup('')
#2 C:\xampp\htdocs\wish\wp-includes\class-wp-hook.php(334): WP_Hook->apply_filters('', Array)
#3 C:\xampp\htdocs\wish\wp-includes\plugin.php(517): WP_Hook->do_action(Array)
#4 C:\xampp\htdocs\wish\wp-content\themes\wish-theme\inc\header-function.php(281): do_action('th_shop_mania_b...')
#5 C:\xampp\htdocs\wish\wp-content\themes\wish-theme\header.php(63): th_shop_mania_header_btm_post_meta('')
#6 C:\xampp\htdocs\wish\wp-includes\template.php(785): require_once('C:\\xampp\\htdocs...')
#7 C:\xampp\htdocs\wish\wp-includes\template.php(720): load_template('C:\\xampp\\htdocs...', true, Array)
#8 C:\xampp\htdocs\wish\wp-includes\general-template.php(48): locate_template(Array, true, true, Array)
#9 C:\xampp\htdocs\wish\wp-content\themes\wish-theme\woocommerce.php(11): get_header()
#10 C:\xampp\htdocs\wish\wp-includes\template-loader.php(106): include('C:\\xampp\\htdocs...')
#11 C:\xampp\htdocs\wish\wp-blog-header.php(19): require_once('C:\\xampp\\htdocs...')
#12 C:\xampp\htdocs\wish\index.php(17): require('C:\\xampp\\htdocs...')
#13 {main}
  thrown in C:\xampp\htdocs\wish\wp-content\themes\wish-theme\inc\admin-function.php on line 61

