[2023-09-09 19:51:07 : INFO] - Could not find file for image: ID=1553, file=C:\xampp\htdocs\wish/wp-content/uploads/2023/09/banner-2-women-shop-240x300-1.png 
[2023-09-09 19:51:07 : INFO] - Could not find file for image: ID=1552, file=C:\xampp\htdocs\wish/wp-content/uploads/2023/09/New_Project__2_-removebg-preview-256x300-1-1.png 
[2023-09-09 19:51:07 : INFO] - Could not find file for image: ID=1551, file=C:\xampp\htdocs\wish/wp-content/uploads/2023/09/logo-gut.png 
[2023-09-09 19:51:07 : INFO] - Could not find file for image: ID=802, file=C:\xampp\htdocs\wish/wp-content/uploads/2023/09/New_Project__2_-removebg-preview-256x300-1.png 
[2023-09-09 19:51:07 : INFO] - Could not find file for image: ID=801, file=C:\xampp\htdocs\wish/wp-content/uploads/2023/09/logo-menia.png 
[2023-09-09 19:51:07 : INFO] - Could not find file for image: ID=657, file=C:\xampp\htdocs\wish/wp-content/uploads/2022/01/logo-menia.png 
[2023-09-09 19:51:07 : INFO] - Could not find file for image: ID=628, file=C:\xampp\htdocs\wish/wp-content/uploads/2022/01/fruits-banner.png 
[2023-09-09 19:51:07 : INFO] - Could not find file for image: ID=600, file=C:\xampp\htdocs\wish/wp-content/uploads/2022/01/veg.png 
[2023-09-09 19:51:07 : INFO] - Could not find file for image: ID=599, file=C:\xampp\htdocs\wish/wp-content/uploads/2022/01/pulses.png 
[2023-09-09 19:51:07 : INFO] - Could not find file for image: ID=598, file=C:\xampp\htdocs\wish/wp-content/uploads/2022/01/fruits.png 
[2023-09-09 19:51:07 : INFO] - Could not find file for image: ID=597, file=C:\xampp\htdocs\wish/wp-content/uploads/2022/01/corn.png 
[2023-09-09 19:51:07 : INFO] - Could not find file for image: ID=596, file=C:\xampp\htdocs\wish/wp-content/uploads/2022/01/cake.png 
[2023-09-09 19:51:07 : INFO] - Could not find file for image: ID=595, file=C:\xampp\htdocs\wish/wp-content/uploads/2022/01/dairy-pro.png 
[2023-09-09 19:51:07 : INFO] - Could not find file for image: ID=509, file=C:\xampp\htdocs\wish/wp-content/uploads/2022/01/New_Project__2_-removebg-preview.png 
[2023-09-09 19:51:07 : INFO] - Could not find file for image: ID=498, file=C:\xampp\htdocs\wish/wp-content/uploads/2022/01/main.png 
[2023-09-09 19:51:07 : INFO] - Could not find file for image: ID=1360, file=C:\xampp\htdocs\wish/wp-content/uploads/2022/01/maina-1.png 
[2023-09-09 19:51:07 : INFO] - Could not find file for image: ID=1347, file=C:\xampp\htdocs\wish/wp-content/uploads/2022/01/logo-shop.png 
[2023-09-09 19:51:07 : INFO] - Could not find file for image: ID=1342, file=C:\xampp\htdocs\wish/wp-content/uploads/2021/06/b4.png 
[2023-09-09 19:51:07 : INFO] - Could not find file for image: ID=1341, file=C:\xampp\htdocs\wish/wp-content/uploads/2021/06/b3.png 
[2023-09-09 19:51:07 : INFO] - Could not find file for image: ID=1340, file=C:\xampp\htdocs\wish/wp-content/uploads/2021/06/b2.png 
[2023-09-09 19:51:07 : INFO] - Could not find file for image: ID=1339, file=C:\xampp\htdocs\wish/wp-content/uploads/2021/06/b1.png 
[2023-09-09 19:51:07 : INFO] - Could not find file for image: ID=1234, file=C:\xampp\htdocs\wish/wp-content/uploads/2021/12/br3.png 
[2023-09-09 19:51:07 : INFO] - Could not find file for image: ID=1233, file=C:\xampp\htdocs\wish/wp-content/uploads/2021/12/b4.png 
[2023-09-09 19:51:07 : INFO] - Could not find file for image: ID=1232, file=C:\xampp\htdocs\wish/wp-content/uploads/2021/12/br1.png 
[2023-09-09 19:51:07 : INFO] - Could not find file for image: ID=1231, file=C:\xampp\htdocs\wish/wp-content/uploads/2021/12/br2.png 
[2023-09-09 19:51:07 : INFO] - Could not find file for image: ID=1230, file=C:\xampp\htdocs\wish/wp-content/uploads/2021/12/br5-1.png 
[2023-09-09 19:51:07 : INFO] - Could not find file for image: ID=1223, file=C:\xampp\htdocs\wish/wp-content/uploads/2021/12/watch.png 
[2023-09-09 19:51:07 : INFO] - Could not find file for image: ID=1221, file=C:\xampp\htdocs\wish/wp-content/uploads/2021/12/ad12.png 
[2023-09-09 19:51:07 : INFO] - Could not find file for image: ID=1211, file=C:\xampp\htdocs\wish/wp-content/uploads/2021/12/ad11.png 
[2023-09-09 19:51:07 : INFO] - Could not find file for image: ID=1207, file=C:\xampp\htdocs\wish/wp-content/uploads/2021/12/transfer.png 
[2023-09-09 19:51:07 : INFO] - Could not find file for image: ID=1202, file=C:\xampp\htdocs\wish/wp-content/uploads/2021/12/banner4.png 
[2023-09-09 19:51:07 : INFO] - Could not find file for image: ID=1201, file=C:\xampp\htdocs\wish/wp-content/uploads/2021/12/mbanner-1.png 
[2023-09-09 19:51:07 : INFO] - Could not find file for image: ID=1184, file=C:\xampp\htdocs\wish/wp-content/uploads/2021/12/banner3.png 
[2023-09-09 19:51:07 : INFO] - Could not find file for image: ID=1183, file=C:\xampp\htdocs\wish/wp-content/uploads/2021/12/banner2.png 
[2023-09-09 19:51:07 : INFO] - Could not find file for image: ID=1178, file=C:\xampp\htdocs\wish/wp-content/uploads/2021/12/banner.png 
[2023-09-09 19:51:07 : INFO] - Could not find file for image: ID=1107, file=C:\xampp\htdocs\wish/wp-content/uploads/2021/12/New-Project-1.png 
[2023-09-09 19:51:07 : INFO] - Could not find file for image: ID=1075, file=C:\xampp\htdocs\wish/wp-content/uploads/2021/12/banner-2-women-shop.png 
[2023-09-09 19:51:07 : INFO] - Could not find file for image: ID=1012, file=C:\xampp\htdocs\wish/wp-content/uploads/2021/06/10.png 
[2023-09-09 19:51:07 : INFO] - Could not find file for image: ID=1011, file=C:\xampp\htdocs\wish/wp-content/uploads/2021/06/p122.png 
[2023-09-09 19:51:07 : INFO] - Could not find file for image: ID=1010, file=C:\xampp\htdocs\wish/wp-content/uploads/2021/06/p111.png 
[2023-09-09 19:51:07 : INFO] - Could not find file for image: ID=1009, file=C:\xampp\htdocs\wish/wp-content/uploads/2021/02/p19.png 
[2023-09-09 19:51:07 : INFO] - Could not find file for image: ID=924, file=C:\xampp\htdocs\wish/wp-content/uploads/2021/06/9.png 
[2023-09-09 19:51:07 : INFO] - Could not find file for image: ID=923, file=C:\xampp\htdocs\wish/wp-content/uploads/2021/06/8.png 
[2023-09-09 19:51:07 : INFO] - Could not find file for image: ID=922, file=C:\xampp\htdocs\wish/wp-content/uploads/2021/06/7.png 
[2023-09-09 19:51:07 : INFO] - Could not find file for image: ID=921, file=C:\xampp\htdocs\wish/wp-content/uploads/2021/06/6.png 
[2023-09-09 19:51:07 : INFO] - Could not find file for image: ID=920, file=C:\xampp\htdocs\wish/wp-content/uploads/2021/06/5.png 
[2023-09-09 19:51:07 : INFO] - Could not find file for image: ID=919, file=C:\xampp\htdocs\wish/wp-content/uploads/2021/06/4.png 
[2023-09-09 19:51:07 : INFO] - Could not find file for image: ID=918, file=C:\xampp\htdocs\wish/wp-content/uploads/2021/06/3.png 
[2023-09-09 19:51:07 : INFO] - Could not find file for image: ID=917, file=C:\xampp\htdocs\wish/wp-content/uploads/2021/06/2.png 
[2023-09-09 19:51:07 : INFO] - Could not find file for image: ID=916, file=C:\xampp\htdocs\wish/wp-content/uploads/2021/06/1.png 
[2023-09-09 19:51:07 : INFO] - Could not find file for image: ID=910, file=C:\xampp\htdocs\wish/wp-content/uploads/2021/06/p18-1.png 
[2023-09-09 19:51:07 : INFO] - Could not find file for image: ID=909, file=C:\xampp\htdocs\wish/wp-content/uploads/2021/06/p17-1.png 
[2023-09-09 19:51:07 : INFO] - Could not find file for image: ID=908, file=C:\xampp\htdocs\wish/wp-content/uploads/2021/06/p18.png 
[2023-09-09 19:51:07 : INFO] - Could not find file for image: ID=907, file=C:\xampp\htdocs\wish/wp-content/uploads/2021/06/product8.png 
[2023-09-09 19:51:07 : INFO] - Could not find file for image: ID=905, file=C:\xampp\htdocs\wish/wp-content/uploads/2021/06/product-3.png 
[2023-09-09 19:51:07 : INFO] - Could not find file for image: ID=906, file=C:\xampp\htdocs\wish/wp-content/uploads/2021/06/product-4.png 
[2023-09-09 19:51:07 : INFO] - Could not find file for image: ID=904, file=C:\xampp\htdocs\wish/wp-content/uploads/2021/06/p17.png 
[2023-09-09 19:51:07 : INFO] - Could not find file for image: ID=902, file=C:\xampp\htdocs\wish/wp-content/uploads/2021/06/p12.png 
[2023-09-09 19:51:07 : INFO] - Could not find file for image: ID=903, file=C:\xampp\htdocs\wish/wp-content/uploads/2021/06/p14.png 
[2023-09-09 19:51:07 : INFO] - Could not find file for image: ID=900, file=C:\xampp\htdocs\wish/wp-content/uploads/2021/06/p10.png 
[2023-09-09 19:51:07 : INFO] - Could not find file for image: ID=901, file=C:\xampp\htdocs\wish/wp-content/uploads/2021/06/p11.png 
[2023-09-09 19:51:07 : INFO] - Could not find file for image: ID=899, file=C:\xampp\htdocs\wish/wp-content/uploads/2021/06/p9-1.png 
[2023-09-09 19:51:07 : INFO] - Could not find file for image: ID=897, file=C:\xampp\htdocs\wish/wp-content/uploads/2021/06/p8.png 
[2023-09-09 19:51:07 : INFO] - Could not find file for image: ID=898, file=C:\xampp\htdocs\wish/wp-content/uploads/2021/06/p9.png 
[2023-09-09 19:51:07 : INFO] - Could not find file for image: ID=896, file=C:\xampp\htdocs\wish/wp-content/uploads/2021/06/p5-2.png 
[2023-09-09 19:51:07 : INFO] - Could not find file for image: ID=894, file=C:\xampp\htdocs\wish/wp-content/uploads/2021/06/p2-2.png 
[2023-09-09 19:51:07 : INFO] - Could not find file for image: ID=895, file=C:\xampp\htdocs\wish/wp-content/uploads/2021/06/p3-2.png 
[2023-09-09 19:51:07 : INFO] - Could not find file for image: ID=892, file=C:\xampp\htdocs\wish/wp-content/uploads/2021/06/bag-7.png 
[2023-09-09 19:51:07 : INFO] - Could not find file for image: ID=893, file=C:\xampp\htdocs\wish/wp-content/uploads/2021/06/p1.png 
[2023-09-09 19:51:07 : INFO] - Could not find file for image: ID=891, file=C:\xampp\htdocs\wish/wp-content/uploads/2021/06/bag-2.png 
[2023-09-09 19:51:07 : INFO] - Could not find file for image: ID=890, file=C:\xampp\htdocs\wish/wp-content/uploads/2021/06/backpack-3.png 
[2023-09-09 19:51:07 : INFO] - Could not find file for image: ID=371, file=C:\xampp\htdocs\wish/wp-content/uploads/2021/02/p8-1.png 
[2023-09-09 19:51:07 : INFO] - Could not find file for image: ID=373, file=C:\xampp\htdocs\wish/wp-content/uploads/2021/02/p13-1.png 
[2023-09-09 19:51:07 : INFO] - Could not find file for image: ID=474, file=C:\xampp\htdocs\wish/wp-content/uploads/2020/07/woocommerce-placeholder.png 
[2023-09-09 19:51:51 : INFO] - Could not find file for image: ID=1553, file=C:\xampp\htdocs\wish/wp-content/uploads/2023/09/banner-2-women-shop-240x300-1.png 
[2023-09-09 19:51:51 : INFO] - Could not find file for image: ID=1552, file=C:\xampp\htdocs\wish/wp-content/uploads/2023/09/New_Project__2_-removebg-preview-256x300-1-1.png 
[2023-09-09 19:51:51 : INFO] - Could not find file for image: ID=1551, file=C:\xampp\htdocs\wish/wp-content/uploads/2023/09/logo-gut.png 
[2023-09-09 19:51:51 : INFO] - Could not find file for image: ID=802, file=C:\xampp\htdocs\wish/wp-content/uploads/2023/09/New_Project__2_-removebg-preview-256x300-1.png 
[2023-09-09 19:51:51 : INFO] - Could not find file for image: ID=801, file=C:\xampp\htdocs\wish/wp-content/uploads/2023/09/logo-menia.png 
[2023-09-09 19:51:51 : INFO] - Could not find file for image: ID=657, file=C:\xampp\htdocs\wish/wp-content/uploads/2022/01/logo-menia.png 
[2023-09-09 19:51:51 : INFO] - Could not find file for image: ID=628, file=C:\xampp\htdocs\wish/wp-content/uploads/2022/01/fruits-banner.png 
[2023-09-09 19:51:51 : INFO] - Could not find file for image: ID=600, file=C:\xampp\htdocs\wish/wp-content/uploads/2022/01/veg.png 
[2023-09-09 19:51:51 : INFO] - Could not find file for image: ID=599, file=C:\xampp\htdocs\wish/wp-content/uploads/2022/01/pulses.png 
[2023-09-09 19:51:51 : INFO] - Could not find file for image: ID=598, file=C:\xampp\htdocs\wish/wp-content/uploads/2022/01/fruits.png 
[2023-09-09 19:51:51 : INFO] - Could not find file for image: ID=597, file=C:\xampp\htdocs\wish/wp-content/uploads/2022/01/corn.png 
[2023-09-09 19:51:51 : INFO] - Could not find file for image: ID=596, file=C:\xampp\htdocs\wish/wp-content/uploads/2022/01/cake.png 
[2023-09-09 19:51:51 : INFO] - Could not find file for image: ID=595, file=C:\xampp\htdocs\wish/wp-content/uploads/2022/01/dairy-pro.png 
[2023-09-09 19:51:51 : INFO] - Could not find file for image: ID=509, file=C:\xampp\htdocs\wish/wp-content/uploads/2022/01/New_Project__2_-removebg-preview.png 
[2023-09-09 19:51:51 : INFO] - Could not find file for image: ID=498, file=C:\xampp\htdocs\wish/wp-content/uploads/2022/01/main.png 
[2023-09-09 19:51:51 : INFO] - Could not find file for image: ID=1360, file=C:\xampp\htdocs\wish/wp-content/uploads/2022/01/maina-1.png 
[2023-09-09 19:51:51 : INFO] - Could not find file for image: ID=1347, file=C:\xampp\htdocs\wish/wp-content/uploads/2022/01/logo-shop.png 
[2023-09-09 19:51:51 : INFO] - Could not find file for image: ID=1342, file=C:\xampp\htdocs\wish/wp-content/uploads/2021/06/b4.png 
[2023-09-09 19:51:51 : INFO] - Could not find file for image: ID=1341, file=C:\xampp\htdocs\wish/wp-content/uploads/2021/06/b3.png 
[2023-09-09 19:51:51 : INFO] - Could not find file for image: ID=1340, file=C:\xampp\htdocs\wish/wp-content/uploads/2021/06/b2.png 
[2023-09-09 19:51:51 : INFO] - Could not find file for image: ID=1339, file=C:\xampp\htdocs\wish/wp-content/uploads/2021/06/b1.png 
[2023-09-09 19:51:51 : INFO] - Could not find file for image: ID=1234, file=C:\xampp\htdocs\wish/wp-content/uploads/2021/12/br3.png 
[2023-09-09 19:51:51 : INFO] - Could not find file for image: ID=1233, file=C:\xampp\htdocs\wish/wp-content/uploads/2021/12/b4.png 
[2023-09-09 19:51:51 : INFO] - Could not find file for image: ID=1232, file=C:\xampp\htdocs\wish/wp-content/uploads/2021/12/br1.png 
[2023-09-09 19:51:51 : INFO] - Could not find file for image: ID=1231, file=C:\xampp\htdocs\wish/wp-content/uploads/2021/12/br2.png 
[2023-09-09 19:51:51 : INFO] - Could not find file for image: ID=1230, file=C:\xampp\htdocs\wish/wp-content/uploads/2021/12/br5-1.png 
[2023-09-09 19:51:51 : INFO] - Could not find file for image: ID=1223, file=C:\xampp\htdocs\wish/wp-content/uploads/2021/12/watch.png 
[2023-09-09 19:51:51 : INFO] - Could not find file for image: ID=1221, file=C:\xampp\htdocs\wish/wp-content/uploads/2021/12/ad12.png 
[2023-09-09 19:51:51 : INFO] - Could not find file for image: ID=1211, file=C:\xampp\htdocs\wish/wp-content/uploads/2021/12/ad11.png 
[2023-09-09 19:51:51 : INFO] - Could not find file for image: ID=1207, file=C:\xampp\htdocs\wish/wp-content/uploads/2021/12/transfer.png 
[2023-09-09 19:51:51 : INFO] - Could not find file for image: ID=1202, file=C:\xampp\htdocs\wish/wp-content/uploads/2021/12/banner4.png 
[2023-09-09 19:51:51 : INFO] - Could not find file for image: ID=1201, file=C:\xampp\htdocs\wish/wp-content/uploads/2021/12/mbanner-1.png 
[2023-09-09 19:51:51 : INFO] - Could not find file for image: ID=1184, file=C:\xampp\htdocs\wish/wp-content/uploads/2021/12/banner3.png 
[2023-09-09 19:51:51 : INFO] - Could not find file for image: ID=1183, file=C:\xampp\htdocs\wish/wp-content/uploads/2021/12/banner2.png 
[2023-09-09 19:51:51 : INFO] - Could not find file for image: ID=1178, file=C:\xampp\htdocs\wish/wp-content/uploads/2021/12/banner.png 
[2023-09-09 19:51:51 : INFO] - Could not find file for image: ID=1107, file=C:\xampp\htdocs\wish/wp-content/uploads/2021/12/New-Project-1.png 
[2023-09-09 19:51:51 : INFO] - Could not find file for image: ID=1075, file=C:\xampp\htdocs\wish/wp-content/uploads/2021/12/banner-2-women-shop.png 
[2023-09-09 19:51:51 : INFO] - Could not find file for image: ID=1012, file=C:\xampp\htdocs\wish/wp-content/uploads/2021/06/10.png 
[2023-09-09 19:51:51 : INFO] - Could not find file for image: ID=1011, file=C:\xampp\htdocs\wish/wp-content/uploads/2021/06/p122.png 
[2023-09-09 19:51:51 : INFO] - Could not find file for image: ID=1010, file=C:\xampp\htdocs\wish/wp-content/uploads/2021/06/p111.png 
[2023-09-09 19:51:51 : INFO] - Could not find file for image: ID=1009, file=C:\xampp\htdocs\wish/wp-content/uploads/2021/02/p19.png 
[2023-09-09 19:51:51 : INFO] - Could not find file for image: ID=924, file=C:\xampp\htdocs\wish/wp-content/uploads/2021/06/9.png 
[2023-09-09 19:51:51 : INFO] - Could not find file for image: ID=923, file=C:\xampp\htdocs\wish/wp-content/uploads/2021/06/8.png 
[2023-09-09 19:51:51 : INFO] - Could not find file for image: ID=922, file=C:\xampp\htdocs\wish/wp-content/uploads/2021/06/7.png 
[2023-09-09 19:51:51 : INFO] - Could not find file for image: ID=921, file=C:\xampp\htdocs\wish/wp-content/uploads/2021/06/6.png 
[2023-09-09 19:51:51 : INFO] - Could not find file for image: ID=920, file=C:\xampp\htdocs\wish/wp-content/uploads/2021/06/5.png 
[2023-09-09 19:51:51 : INFO] - Could not find file for image: ID=919, file=C:\xampp\htdocs\wish/wp-content/uploads/2021/06/4.png 
[2023-09-09 19:51:51 : INFO] - Could not find file for image: ID=918, file=C:\xampp\htdocs\wish/wp-content/uploads/2021/06/3.png 
[2023-09-09 19:51:51 : INFO] - Could not find file for image: ID=917, file=C:\xampp\htdocs\wish/wp-content/uploads/2021/06/2.png 
[2023-09-09 19:51:51 : INFO] - Could not find file for image: ID=916, file=C:\xampp\htdocs\wish/wp-content/uploads/2021/06/1.png 
[2023-09-09 19:51:51 : INFO] - Could not find file for image: ID=910, file=C:\xampp\htdocs\wish/wp-content/uploads/2021/06/p18-1.png 
[2023-09-09 19:51:51 : INFO] - Could not find file for image: ID=909, file=C:\xampp\htdocs\wish/wp-content/uploads/2021/06/p17-1.png 
[2023-09-09 19:51:51 : INFO] - Could not find file for image: ID=908, file=C:\xampp\htdocs\wish/wp-content/uploads/2021/06/p18.png 
[2023-09-09 19:51:51 : INFO] - Could not find file for image: ID=907, file=C:\xampp\htdocs\wish/wp-content/uploads/2021/06/product8.png 
[2023-09-09 19:51:51 : INFO] - Could not find file for image: ID=905, file=C:\xampp\htdocs\wish/wp-content/uploads/2021/06/product-3.png 
[2023-09-09 19:51:51 : INFO] - Could not find file for image: ID=906, file=C:\xampp\htdocs\wish/wp-content/uploads/2021/06/product-4.png 
[2023-09-09 19:51:51 : INFO] - Could not find file for image: ID=904, file=C:\xampp\htdocs\wish/wp-content/uploads/2021/06/p17.png 
[2023-09-09 19:51:51 : INFO] - Could not find file for image: ID=902, file=C:\xampp\htdocs\wish/wp-content/uploads/2021/06/p12.png 
[2023-09-09 19:51:51 : INFO] - Could not find file for image: ID=903, file=C:\xampp\htdocs\wish/wp-content/uploads/2021/06/p14.png 
[2023-09-09 19:51:51 : INFO] - Could not find file for image: ID=900, file=C:\xampp\htdocs\wish/wp-content/uploads/2021/06/p10.png 
[2023-09-09 19:51:51 : INFO] - Could not find file for image: ID=901, file=C:\xampp\htdocs\wish/wp-content/uploads/2021/06/p11.png 
[2023-09-09 19:51:51 : INFO] - Could not find file for image: ID=899, file=C:\xampp\htdocs\wish/wp-content/uploads/2021/06/p9-1.png 
[2023-09-09 19:51:51 : INFO] - Could not find file for image: ID=897, file=C:\xampp\htdocs\wish/wp-content/uploads/2021/06/p8.png 
[2023-09-09 19:51:51 : INFO] - Could not find file for image: ID=898, file=C:\xampp\htdocs\wish/wp-content/uploads/2021/06/p9.png 
[2023-09-09 19:51:51 : INFO] - Could not find file for image: ID=896, file=C:\xampp\htdocs\wish/wp-content/uploads/2021/06/p5-2.png 
[2023-09-09 19:51:51 : INFO] - Could not find file for image: ID=894, file=C:\xampp\htdocs\wish/wp-content/uploads/2021/06/p2-2.png 
[2023-09-09 19:51:51 : INFO] - Could not find file for image: ID=895, file=C:\xampp\htdocs\wish/wp-content/uploads/2021/06/p3-2.png 
[2023-09-09 19:51:51 : INFO] - Could not find file for image: ID=892, file=C:\xampp\htdocs\wish/wp-content/uploads/2021/06/bag-7.png 
[2023-09-09 19:51:51 : INFO] - Could not find file for image: ID=893, file=C:\xampp\htdocs\wish/wp-content/uploads/2021/06/p1.png 
[2023-09-09 19:51:51 : INFO] - Could not find file for image: ID=891, file=C:\xampp\htdocs\wish/wp-content/uploads/2021/06/bag-2.png 
[2023-09-09 19:51:51 : INFO] - Could not find file for image: ID=890, file=C:\xampp\htdocs\wish/wp-content/uploads/2021/06/backpack-3.png 
[2023-09-09 19:51:51 : INFO] - Could not find file for image: ID=371, file=C:\xampp\htdocs\wish/wp-content/uploads/2021/02/p8-1.png 
[2023-09-09 19:51:51 : INFO] - Could not find file for image: ID=373, file=C:\xampp\htdocs\wish/wp-content/uploads/2021/02/p13-1.png 
[2023-09-09 19:51:51 : INFO] - Could not find file for image: ID=474, file=C:\xampp\htdocs\wish/wp-content/uploads/2020/07/woocommerce-placeholder.png 
[2023-09-09 20:05:23 : INFO] - Could not find file for image: ID=1553, file=C:\xampp\htdocs\wish/wp-content/uploads/2023/09/banner-2-women-shop-240x300-1.png 
[2023-09-09 20:05:23 : INFO] - Could not find file for image: ID=1552, file=C:\xampp\htdocs\wish/wp-content/uploads/2023/09/New_Project__2_-removebg-preview-256x300-1-1.png 
[2023-09-09 20:05:23 : INFO] - Could not find file for image: ID=1551, file=C:\xampp\htdocs\wish/wp-content/uploads/2023/09/logo-gut.png 
[2023-09-09 20:05:23 : INFO] - Could not find file for image: ID=802, file=C:\xampp\htdocs\wish/wp-content/uploads/2023/09/New_Project__2_-removebg-preview-256x300-1.png 
[2023-09-09 20:05:23 : INFO] - Could not find file for image: ID=801, file=C:\xampp\htdocs\wish/wp-content/uploads/2023/09/logo-menia.png 
[2023-09-09 20:05:23 : INFO] - Could not find file for image: ID=657, file=C:\xampp\htdocs\wish/wp-content/uploads/2022/01/logo-menia.png 
[2023-09-09 20:05:23 : INFO] - Could not find file for image: ID=628, file=C:\xampp\htdocs\wish/wp-content/uploads/2022/01/fruits-banner.png 
[2023-09-09 20:05:23 : INFO] - Could not find file for image: ID=600, file=C:\xampp\htdocs\wish/wp-content/uploads/2022/01/veg.png 
[2023-09-09 20:05:23 : INFO] - Could not find file for image: ID=599, file=C:\xampp\htdocs\wish/wp-content/uploads/2022/01/pulses.png 
[2023-09-09 20:05:23 : INFO] - Could not find file for image: ID=598, file=C:\xampp\htdocs\wish/wp-content/uploads/2022/01/fruits.png 
[2023-09-09 20:05:23 : INFO] - Could not find file for image: ID=597, file=C:\xampp\htdocs\wish/wp-content/uploads/2022/01/corn.png 
[2023-09-09 20:05:23 : INFO] - Could not find file for image: ID=596, file=C:\xampp\htdocs\wish/wp-content/uploads/2022/01/cake.png 
[2023-09-09 20:05:23 : INFO] - Could not find file for image: ID=595, file=C:\xampp\htdocs\wish/wp-content/uploads/2022/01/dairy-pro.png 
[2023-09-09 20:05:23 : INFO] - Could not find file for image: ID=509, file=C:\xampp\htdocs\wish/wp-content/uploads/2022/01/New_Project__2_-removebg-preview.png 
[2023-09-09 20:05:23 : INFO] - Could not find file for image: ID=498, file=C:\xampp\htdocs\wish/wp-content/uploads/2022/01/main.png 
[2023-09-09 20:05:23 : INFO] - Could not find file for image: ID=1360, file=C:\xampp\htdocs\wish/wp-content/uploads/2022/01/maina-1.png 
[2023-09-09 20:05:23 : INFO] - Could not find file for image: ID=1347, file=C:\xampp\htdocs\wish/wp-content/uploads/2022/01/logo-shop.png 
[2023-09-09 20:05:23 : INFO] - Could not find file for image: ID=1342, file=C:\xampp\htdocs\wish/wp-content/uploads/2021/06/b4.png 
[2023-09-09 20:05:23 : INFO] - Could not find file for image: ID=1341, file=C:\xampp\htdocs\wish/wp-content/uploads/2021/06/b3.png 
[2023-09-09 20:05:23 : INFO] - Could not find file for image: ID=1340, file=C:\xampp\htdocs\wish/wp-content/uploads/2021/06/b2.png 
[2023-09-09 20:05:23 : INFO] - Could not find file for image: ID=1339, file=C:\xampp\htdocs\wish/wp-content/uploads/2021/06/b1.png 
[2023-09-09 20:05:23 : INFO] - Could not find file for image: ID=1234, file=C:\xampp\htdocs\wish/wp-content/uploads/2021/12/br3.png 
[2023-09-09 20:05:23 : INFO] - Could not find file for image: ID=1233, file=C:\xampp\htdocs\wish/wp-content/uploads/2021/12/b4.png 
[2023-09-09 20:05:23 : INFO] - Could not find file for image: ID=1232, file=C:\xampp\htdocs\wish/wp-content/uploads/2021/12/br1.png 
[2023-09-09 20:05:23 : INFO] - Could not find file for image: ID=1231, file=C:\xampp\htdocs\wish/wp-content/uploads/2021/12/br2.png 
[2023-09-09 20:05:23 : INFO] - Could not find file for image: ID=1230, file=C:\xampp\htdocs\wish/wp-content/uploads/2021/12/br5-1.png 
[2023-09-09 20:05:23 : INFO] - Could not find file for image: ID=1223, file=C:\xampp\htdocs\wish/wp-content/uploads/2021/12/watch.png 
[2023-09-09 20:05:23 : INFO] - Could not find file for image: ID=1221, file=C:\xampp\htdocs\wish/wp-content/uploads/2021/12/ad12.png 
[2023-09-09 20:05:23 : INFO] - Could not find file for image: ID=1211, file=C:\xampp\htdocs\wish/wp-content/uploads/2021/12/ad11.png 
[2023-09-09 20:05:23 : INFO] - Could not find file for image: ID=1207, file=C:\xampp\htdocs\wish/wp-content/uploads/2021/12/transfer.png 
[2023-09-09 20:05:23 : INFO] - Could not find file for image: ID=1202, file=C:\xampp\htdocs\wish/wp-content/uploads/2021/12/banner4.png 
[2023-09-09 20:05:23 : INFO] - Could not find file for image: ID=1201, file=C:\xampp\htdocs\wish/wp-content/uploads/2021/12/mbanner-1.png 
[2023-09-09 20:05:23 : INFO] - Could not find file for image: ID=1184, file=C:\xampp\htdocs\wish/wp-content/uploads/2021/12/banner3.png 
[2023-09-09 20:05:23 : INFO] - Could not find file for image: ID=1183, file=C:\xampp\htdocs\wish/wp-content/uploads/2021/12/banner2.png 
[2023-09-09 20:05:23 : INFO] - Could not find file for image: ID=1178, file=C:\xampp\htdocs\wish/wp-content/uploads/2021/12/banner.png 
[2023-09-09 20:05:23 : INFO] - Could not find file for image: ID=1107, file=C:\xampp\htdocs\wish/wp-content/uploads/2021/12/New-Project-1.png 
[2023-09-09 20:05:23 : INFO] - Could not find file for image: ID=1075, file=C:\xampp\htdocs\wish/wp-content/uploads/2021/12/banner-2-women-shop.png 
[2023-09-09 20:05:23 : INFO] - Could not find file for image: ID=1012, file=C:\xampp\htdocs\wish/wp-content/uploads/2021/06/10.png 
[2023-09-09 20:05:23 : INFO] - Could not find file for image: ID=1011, file=C:\xampp\htdocs\wish/wp-content/uploads/2021/06/p122.png 
[2023-09-09 20:05:23 : INFO] - Could not find file for image: ID=1010, file=C:\xampp\htdocs\wish/wp-content/uploads/2021/06/p111.png 
[2023-09-09 20:05:23 : INFO] - Could not find file for image: ID=1009, file=C:\xampp\htdocs\wish/wp-content/uploads/2021/02/p19.png 
[2023-09-09 20:05:23 : INFO] - Could not find file for image: ID=924, file=C:\xampp\htdocs\wish/wp-content/uploads/2021/06/9.png 
[2023-09-09 20:05:23 : INFO] - Could not find file for image: ID=923, file=C:\xampp\htdocs\wish/wp-content/uploads/2021/06/8.png 
[2023-09-09 20:05:23 : INFO] - Could not find file for image: ID=922, file=C:\xampp\htdocs\wish/wp-content/uploads/2021/06/7.png 
[2023-09-09 20:05:23 : INFO] - Could not find file for image: ID=921, file=C:\xampp\htdocs\wish/wp-content/uploads/2021/06/6.png 
[2023-09-09 20:05:23 : INFO] - Could not find file for image: ID=920, file=C:\xampp\htdocs\wish/wp-content/uploads/2021/06/5.png 
[2023-09-09 20:05:23 : INFO] - Could not find file for image: ID=919, file=C:\xampp\htdocs\wish/wp-content/uploads/2021/06/4.png 
[2023-09-09 20:05:23 : INFO] - Could not find file for image: ID=918, file=C:\xampp\htdocs\wish/wp-content/uploads/2021/06/3.png 
[2023-09-09 20:05:23 : INFO] - Could not find file for image: ID=917, file=C:\xampp\htdocs\wish/wp-content/uploads/2021/06/2.png 
[2023-09-09 20:05:23 : INFO] - Could not find file for image: ID=916, file=C:\xampp\htdocs\wish/wp-content/uploads/2021/06/1.png 
[2023-09-09 20:05:23 : INFO] - Could not find file for image: ID=910, file=C:\xampp\htdocs\wish/wp-content/uploads/2021/06/p18-1.png 
[2023-09-09 20:05:23 : INFO] - Could not find file for image: ID=909, file=C:\xampp\htdocs\wish/wp-content/uploads/2021/06/p17-1.png 
[2023-09-09 20:05:23 : INFO] - Could not find file for image: ID=908, file=C:\xampp\htdocs\wish/wp-content/uploads/2021/06/p18.png 
[2023-09-09 20:05:23 : INFO] - Could not find file for image: ID=907, file=C:\xampp\htdocs\wish/wp-content/uploads/2021/06/product8.png 
[2023-09-09 20:05:23 : INFO] - Could not find file for image: ID=905, file=C:\xampp\htdocs\wish/wp-content/uploads/2021/06/product-3.png 
[2023-09-09 20:05:23 : INFO] - Could not find file for image: ID=906, file=C:\xampp\htdocs\wish/wp-content/uploads/2021/06/product-4.png 
[2023-09-09 20:05:23 : INFO] - Could not find file for image: ID=904, file=C:\xampp\htdocs\wish/wp-content/uploads/2021/06/p17.png 
[2023-09-09 20:05:23 : INFO] - Could not find file for image: ID=902, file=C:\xampp\htdocs\wish/wp-content/uploads/2021/06/p12.png 
[2023-09-09 20:05:23 : INFO] - Could not find file for image: ID=903, file=C:\xampp\htdocs\wish/wp-content/uploads/2021/06/p14.png 
[2023-09-09 20:05:23 : INFO] - Could not find file for image: ID=900, file=C:\xampp\htdocs\wish/wp-content/uploads/2021/06/p10.png 
[2023-09-09 20:05:23 : INFO] - Could not find file for image: ID=901, file=C:\xampp\htdocs\wish/wp-content/uploads/2021/06/p11.png 
[2023-09-09 20:05:23 : INFO] - Could not find file for image: ID=899, file=C:\xampp\htdocs\wish/wp-content/uploads/2021/06/p9-1.png 
[2023-09-09 20:05:23 : INFO] - Could not find file for image: ID=897, file=C:\xampp\htdocs\wish/wp-content/uploads/2021/06/p8.png 
[2023-09-09 20:05:23 : INFO] - Could not find file for image: ID=898, file=C:\xampp\htdocs\wish/wp-content/uploads/2021/06/p9.png 
[2023-09-09 20:05:23 : INFO] - Could not find file for image: ID=896, file=C:\xampp\htdocs\wish/wp-content/uploads/2021/06/p5-2.png 
[2023-09-09 20:05:23 : INFO] - Could not find file for image: ID=894, file=C:\xampp\htdocs\wish/wp-content/uploads/2021/06/p2-2.png 
[2023-09-09 20:05:23 : INFO] - Could not find file for image: ID=895, file=C:\xampp\htdocs\wish/wp-content/uploads/2021/06/p3-2.png 
[2023-09-09 20:05:23 : INFO] - Could not find file for image: ID=892, file=C:\xampp\htdocs\wish/wp-content/uploads/2021/06/bag-7.png 
[2023-09-09 20:05:23 : INFO] - Could not find file for image: ID=893, file=C:\xampp\htdocs\wish/wp-content/uploads/2021/06/p1.png 
[2023-09-09 20:05:23 : INFO] - Could not find file for image: ID=891, file=C:\xampp\htdocs\wish/wp-content/uploads/2021/06/bag-2.png 
[2023-09-09 20:05:23 : INFO] - Could not find file for image: ID=890, file=C:\xampp\htdocs\wish/wp-content/uploads/2021/06/backpack-3.png 
[2023-09-09 20:05:23 : INFO] - Could not find file for image: ID=371, file=C:\xampp\htdocs\wish/wp-content/uploads/2021/02/p8-1.png 
[2023-09-09 20:05:23 : INFO] - Could not find file for image: ID=373, file=C:\xampp\htdocs\wish/wp-content/uploads/2021/02/p13-1.png 
[2023-09-09 20:05:23 : INFO] - Could not find file for image: ID=474, file=C:\xampp\htdocs\wish/wp-content/uploads/2020/07/woocommerce-placeholder.png 
[2023-09-09 20:09:45 : INFO] - Could not find file for image: ID=1553, file=C:\xampp\htdocs\wish/wp-content/uploads/2023/09/banner-2-women-shop-240x300-1.png 
[2023-09-09 20:09:45 : INFO] - Could not find file for image: ID=1552, file=C:\xampp\htdocs\wish/wp-content/uploads/2023/09/New_Project__2_-removebg-preview-256x300-1-1.png 
[2023-09-09 20:09:45 : INFO] - Could not find file for image: ID=1551, file=C:\xampp\htdocs\wish/wp-content/uploads/2023/09/logo-gut.png 
[2023-09-09 20:09:45 : INFO] - Could not find file for image: ID=802, file=C:\xampp\htdocs\wish/wp-content/uploads/2023/09/New_Project__2_-removebg-preview-256x300-1.png 
[2023-09-09 20:09:45 : INFO] - Could not find file for image: ID=801, file=C:\xampp\htdocs\wish/wp-content/uploads/2023/09/logo-menia.png 
[2023-09-09 20:09:45 : INFO] - Could not find file for image: ID=657, file=C:\xampp\htdocs\wish/wp-content/uploads/2022/01/logo-menia.png 
[2023-09-09 20:09:45 : INFO] - Could not find file for image: ID=628, file=C:\xampp\htdocs\wish/wp-content/uploads/2022/01/fruits-banner.png 
[2023-09-09 20:09:45 : INFO] - Could not find file for image: ID=600, file=C:\xampp\htdocs\wish/wp-content/uploads/2022/01/veg.png 
[2023-09-09 20:09:45 : INFO] - Could not find file for image: ID=599, file=C:\xampp\htdocs\wish/wp-content/uploads/2022/01/pulses.png 
[2023-09-09 20:09:45 : INFO] - Could not find file for image: ID=598, file=C:\xampp\htdocs\wish/wp-content/uploads/2022/01/fruits.png 
[2023-09-09 20:09:45 : INFO] - Could not find file for image: ID=597, file=C:\xampp\htdocs\wish/wp-content/uploads/2022/01/corn.png 
[2023-09-09 20:09:45 : INFO] - Could not find file for image: ID=596, file=C:\xampp\htdocs\wish/wp-content/uploads/2022/01/cake.png 
[2023-09-09 20:09:45 : INFO] - Could not find file for image: ID=595, file=C:\xampp\htdocs\wish/wp-content/uploads/2022/01/dairy-pro.png 
[2023-09-09 20:09:45 : INFO] - Could not find file for image: ID=509, file=C:\xampp\htdocs\wish/wp-content/uploads/2022/01/New_Project__2_-removebg-preview.png 
[2023-09-09 20:09:45 : INFO] - Could not find file for image: ID=498, file=C:\xampp\htdocs\wish/wp-content/uploads/2022/01/main.png 
[2023-09-09 20:09:45 : INFO] - Could not find file for image: ID=1360, file=C:\xampp\htdocs\wish/wp-content/uploads/2022/01/maina-1.png 
[2023-09-09 20:09:45 : INFO] - Could not find file for image: ID=1347, file=C:\xampp\htdocs\wish/wp-content/uploads/2022/01/logo-shop.png 
[2023-09-09 20:09:45 : INFO] - Could not find file for image: ID=1342, file=C:\xampp\htdocs\wish/wp-content/uploads/2021/06/b4.png 
[2023-09-09 20:09:45 : INFO] - Could not find file for image: ID=1341, file=C:\xampp\htdocs\wish/wp-content/uploads/2021/06/b3.png 
[2023-09-09 20:09:45 : INFO] - Could not find file for image: ID=1340, file=C:\xampp\htdocs\wish/wp-content/uploads/2021/06/b2.png 
[2023-09-09 20:09:45 : INFO] - Could not find file for image: ID=1339, file=C:\xampp\htdocs\wish/wp-content/uploads/2021/06/b1.png 
[2023-09-09 20:09:45 : INFO] - Could not find file for image: ID=1234, file=C:\xampp\htdocs\wish/wp-content/uploads/2021/12/br3.png 
[2023-09-09 20:09:45 : INFO] - Could not find file for image: ID=1233, file=C:\xampp\htdocs\wish/wp-content/uploads/2021/12/b4.png 
[2023-09-09 20:09:45 : INFO] - Could not find file for image: ID=1232, file=C:\xampp\htdocs\wish/wp-content/uploads/2021/12/br1.png 
[2023-09-09 20:09:45 : INFO] - Could not find file for image: ID=1231, file=C:\xampp\htdocs\wish/wp-content/uploads/2021/12/br2.png 
[2023-09-09 20:09:45 : INFO] - Could not find file for image: ID=1230, file=C:\xampp\htdocs\wish/wp-content/uploads/2021/12/br5-1.png 
[2023-09-09 20:09:45 : INFO] - Could not find file for image: ID=1223, file=C:\xampp\htdocs\wish/wp-content/uploads/2021/12/watch.png 
[2023-09-09 20:09:45 : INFO] - Could not find file for image: ID=1221, file=C:\xampp\htdocs\wish/wp-content/uploads/2021/12/ad12.png 
[2023-09-09 20:09:45 : INFO] - Could not find file for image: ID=1211, file=C:\xampp\htdocs\wish/wp-content/uploads/2021/12/ad11.png 
[2023-09-09 20:09:45 : INFO] - Could not find file for image: ID=1207, file=C:\xampp\htdocs\wish/wp-content/uploads/2021/12/transfer.png 
[2023-09-09 20:09:45 : INFO] - Could not find file for image: ID=1202, file=C:\xampp\htdocs\wish/wp-content/uploads/2021/12/banner4.png 
[2023-09-09 20:09:45 : INFO] - Could not find file for image: ID=1201, file=C:\xampp\htdocs\wish/wp-content/uploads/2021/12/mbanner-1.png 
[2023-09-09 20:09:45 : INFO] - Could not find file for image: ID=1184, file=C:\xampp\htdocs\wish/wp-content/uploads/2021/12/banner3.png 
[2023-09-09 20:09:45 : INFO] - Could not find file for image: ID=1183, file=C:\xampp\htdocs\wish/wp-content/uploads/2021/12/banner2.png 
[2023-09-09 20:09:45 : INFO] - Could not find file for image: ID=1178, file=C:\xampp\htdocs\wish/wp-content/uploads/2021/12/banner.png 
[2023-09-09 20:09:45 : INFO] - Could not find file for image: ID=1107, file=C:\xampp\htdocs\wish/wp-content/uploads/2021/12/New-Project-1.png 
[2023-09-09 20:09:45 : INFO] - Could not find file for image: ID=1075, file=C:\xampp\htdocs\wish/wp-content/uploads/2021/12/banner-2-women-shop.png 
[2023-09-09 20:09:45 : INFO] - Could not find file for image: ID=1012, file=C:\xampp\htdocs\wish/wp-content/uploads/2021/06/10.png 
[2023-09-09 20:09:45 : INFO] - Could not find file for image: ID=1011, file=C:\xampp\htdocs\wish/wp-content/uploads/2021/06/p122.png 
[2023-09-09 20:09:45 : INFO] - Could not find file for image: ID=1010, file=C:\xampp\htdocs\wish/wp-content/uploads/2021/06/p111.png 
[2023-09-09 20:09:45 : INFO] - Could not find file for image: ID=1009, file=C:\xampp\htdocs\wish/wp-content/uploads/2021/02/p19.png 
[2023-09-09 20:09:45 : INFO] - Could not find file for image: ID=924, file=C:\xampp\htdocs\wish/wp-content/uploads/2021/06/9.png 
[2023-09-09 20:09:45 : INFO] - Could not find file for image: ID=923, file=C:\xampp\htdocs\wish/wp-content/uploads/2021/06/8.png 
[2023-09-09 20:09:45 : INFO] - Could not find file for image: ID=922, file=C:\xampp\htdocs\wish/wp-content/uploads/2021/06/7.png 
[2023-09-09 20:09:45 : INFO] - Could not find file for image: ID=921, file=C:\xampp\htdocs\wish/wp-content/uploads/2021/06/6.png 
[2023-09-09 20:09:45 : INFO] - Could not find file for image: ID=920, file=C:\xampp\htdocs\wish/wp-content/uploads/2021/06/5.png 
[2023-09-09 20:09:45 : INFO] - Could not find file for image: ID=919, file=C:\xampp\htdocs\wish/wp-content/uploads/2021/06/4.png 
[2023-09-09 20:09:45 : INFO] - Could not find file for image: ID=918, file=C:\xampp\htdocs\wish/wp-content/uploads/2021/06/3.png 
[2023-09-09 20:09:45 : INFO] - Could not find file for image: ID=917, file=C:\xampp\htdocs\wish/wp-content/uploads/2021/06/2.png 
[2023-09-09 20:09:45 : INFO] - Could not find file for image: ID=916, file=C:\xampp\htdocs\wish/wp-content/uploads/2021/06/1.png 
[2023-09-09 20:09:45 : INFO] - Could not find file for image: ID=910, file=C:\xampp\htdocs\wish/wp-content/uploads/2021/06/p18-1.png 
[2023-09-09 20:09:45 : INFO] - Could not find file for image: ID=909, file=C:\xampp\htdocs\wish/wp-content/uploads/2021/06/p17-1.png 
[2023-09-09 20:09:45 : INFO] - Could not find file for image: ID=908, file=C:\xampp\htdocs\wish/wp-content/uploads/2021/06/p18.png 
[2023-09-09 20:09:45 : INFO] - Could not find file for image: ID=907, file=C:\xampp\htdocs\wish/wp-content/uploads/2021/06/product8.png 
[2023-09-09 20:09:45 : INFO] - Could not find file for image: ID=905, file=C:\xampp\htdocs\wish/wp-content/uploads/2021/06/product-3.png 
[2023-09-09 20:09:45 : INFO] - Could not find file for image: ID=906, file=C:\xampp\htdocs\wish/wp-content/uploads/2021/06/product-4.png 
[2023-09-09 20:09:45 : INFO] - Could not find file for image: ID=904, file=C:\xampp\htdocs\wish/wp-content/uploads/2021/06/p17.png 
[2023-09-09 20:09:45 : INFO] - Could not find file for image: ID=902, file=C:\xampp\htdocs\wish/wp-content/uploads/2021/06/p12.png 
[2023-09-09 20:09:45 : INFO] - Could not find file for image: ID=903, file=C:\xampp\htdocs\wish/wp-content/uploads/2021/06/p14.png 
[2023-09-09 20:09:45 : INFO] - Could not find file for image: ID=900, file=C:\xampp\htdocs\wish/wp-content/uploads/2021/06/p10.png 
[2023-09-09 20:09:45 : INFO] - Could not find file for image: ID=901, file=C:\xampp\htdocs\wish/wp-content/uploads/2021/06/p11.png 
[2023-09-09 20:09:45 : INFO] - Could not find file for image: ID=899, file=C:\xampp\htdocs\wish/wp-content/uploads/2021/06/p9-1.png 
[2023-09-09 20:09:45 : INFO] - Could not find file for image: ID=897, file=C:\xampp\htdocs\wish/wp-content/uploads/2021/06/p8.png 
[2023-09-09 20:09:45 : INFO] - Could not find file for image: ID=898, file=C:\xampp\htdocs\wish/wp-content/uploads/2021/06/p9.png 
[2023-09-09 20:09:45 : INFO] - Could not find file for image: ID=896, file=C:\xampp\htdocs\wish/wp-content/uploads/2021/06/p5-2.png 
[2023-09-09 20:09:45 : INFO] - Could not find file for image: ID=894, file=C:\xampp\htdocs\wish/wp-content/uploads/2021/06/p2-2.png 
[2023-09-09 20:09:45 : INFO] - Could not find file for image: ID=895, file=C:\xampp\htdocs\wish/wp-content/uploads/2021/06/p3-2.png 
[2023-09-09 20:09:45 : INFO] - Could not find file for image: ID=892, file=C:\xampp\htdocs\wish/wp-content/uploads/2021/06/bag-7.png 
[2023-09-09 20:09:45 : INFO] - Could not find file for image: ID=893, file=C:\xampp\htdocs\wish/wp-content/uploads/2021/06/p1.png 
[2023-09-09 20:09:45 : INFO] - Could not find file for image: ID=891, file=C:\xampp\htdocs\wish/wp-content/uploads/2021/06/bag-2.png 
[2023-09-09 20:09:45 : INFO] - Could not find file for image: ID=890, file=C:\xampp\htdocs\wish/wp-content/uploads/2021/06/backpack-3.png 
[2023-09-09 20:09:45 : INFO] - Could not find file for image: ID=371, file=C:\xampp\htdocs\wish/wp-content/uploads/2021/02/p8-1.png 
[2023-09-09 20:09:45 : INFO] - Could not find file for image: ID=373, file=C:\xampp\htdocs\wish/wp-content/uploads/2021/02/p13-1.png 
[2023-09-09 20:09:45 : INFO] - Could not find file for image: ID=474, file=C:\xampp\htdocs\wish/wp-content/uploads/2020/07/woocommerce-placeholder.png 
[2023-09-09 20:12:36 : INFO] - Could not find file for image: ID=1553, file=C:\xampp\htdocs\wish/wp-content/uploads/2023/09/banner-2-women-shop-240x300-1.png 
[2023-09-09 20:12:36 : INFO] - Could not find file for image: ID=1552, file=C:\xampp\htdocs\wish/wp-content/uploads/2023/09/New_Project__2_-removebg-preview-256x300-1-1.png 
[2023-09-09 20:12:36 : INFO] - Could not find file for image: ID=1551, file=C:\xampp\htdocs\wish/wp-content/uploads/2023/09/logo-gut.png 
[2023-09-09 20:12:36 : INFO] - Could not find file for image: ID=802, file=C:\xampp\htdocs\wish/wp-content/uploads/2023/09/New_Project__2_-removebg-preview-256x300-1.png 
[2023-09-09 20:12:36 : INFO] - Could not find file for image: ID=801, file=C:\xampp\htdocs\wish/wp-content/uploads/2023/09/logo-menia.png 
[2023-09-09 20:12:36 : INFO] - Could not find file for image: ID=657, file=C:\xampp\htdocs\wish/wp-content/uploads/2022/01/logo-menia.png 
[2023-09-09 20:12:36 : INFO] - Could not find file for image: ID=628, file=C:\xampp\htdocs\wish/wp-content/uploads/2022/01/fruits-banner.png 
[2023-09-09 20:12:36 : INFO] - Could not find file for image: ID=600, file=C:\xampp\htdocs\wish/wp-content/uploads/2022/01/veg.png 
[2023-09-09 20:12:36 : INFO] - Could not find file for image: ID=599, file=C:\xampp\htdocs\wish/wp-content/uploads/2022/01/pulses.png 
[2023-09-09 20:12:36 : INFO] - Could not find file for image: ID=598, file=C:\xampp\htdocs\wish/wp-content/uploads/2022/01/fruits.png 
[2023-09-09 20:12:36 : INFO] - Could not find file for image: ID=597, file=C:\xampp\htdocs\wish/wp-content/uploads/2022/01/corn.png 
[2023-09-09 20:12:36 : INFO] - Could not find file for image: ID=596, file=C:\xampp\htdocs\wish/wp-content/uploads/2022/01/cake.png 
[2023-09-09 20:12:36 : INFO] - Could not find file for image: ID=595, file=C:\xampp\htdocs\wish/wp-content/uploads/2022/01/dairy-pro.png 
[2023-09-09 20:12:36 : INFO] - Could not find file for image: ID=509, file=C:\xampp\htdocs\wish/wp-content/uploads/2022/01/New_Project__2_-removebg-preview.png 
[2023-09-09 20:12:36 : INFO] - Could not find file for image: ID=498, file=C:\xampp\htdocs\wish/wp-content/uploads/2022/01/main.png 
[2023-09-09 20:12:36 : INFO] - Could not find file for image: ID=1360, file=C:\xampp\htdocs\wish/wp-content/uploads/2022/01/maina-1.png 
[2023-09-09 20:12:36 : INFO] - Could not find file for image: ID=1347, file=C:\xampp\htdocs\wish/wp-content/uploads/2022/01/logo-shop.png 
[2023-09-09 20:12:36 : INFO] - Could not find file for image: ID=1342, file=C:\xampp\htdocs\wish/wp-content/uploads/2021/06/b4.png 
[2023-09-09 20:12:36 : INFO] - Could not find file for image: ID=1341, file=C:\xampp\htdocs\wish/wp-content/uploads/2021/06/b3.png 
[2023-09-09 20:12:36 : INFO] - Could not find file for image: ID=1340, file=C:\xampp\htdocs\wish/wp-content/uploads/2021/06/b2.png 
[2023-09-09 20:12:36 : INFO] - Could not find file for image: ID=1339, file=C:\xampp\htdocs\wish/wp-content/uploads/2021/06/b1.png 
[2023-09-09 20:12:36 : INFO] - Could not find file for image: ID=1234, file=C:\xampp\htdocs\wish/wp-content/uploads/2021/12/br3.png 
[2023-09-09 20:12:36 : INFO] - Could not find file for image: ID=1233, file=C:\xampp\htdocs\wish/wp-content/uploads/2021/12/b4.png 
[2023-09-09 20:12:36 : INFO] - Could not find file for image: ID=1232, file=C:\xampp\htdocs\wish/wp-content/uploads/2021/12/br1.png 
[2023-09-09 20:12:36 : INFO] - Could not find file for image: ID=1231, file=C:\xampp\htdocs\wish/wp-content/uploads/2021/12/br2.png 
[2023-09-09 20:12:36 : INFO] - Could not find file for image: ID=1230, file=C:\xampp\htdocs\wish/wp-content/uploads/2021/12/br5-1.png 
[2023-09-09 20:12:36 : INFO] - Could not find file for image: ID=1223, file=C:\xampp\htdocs\wish/wp-content/uploads/2021/12/watch.png 
[2023-09-09 20:12:36 : INFO] - Could not find file for image: ID=1221, file=C:\xampp\htdocs\wish/wp-content/uploads/2021/12/ad12.png 
[2023-09-09 20:12:36 : INFO] - Could not find file for image: ID=1211, file=C:\xampp\htdocs\wish/wp-content/uploads/2021/12/ad11.png 
[2023-09-09 20:12:36 : INFO] - Could not find file for image: ID=1207, file=C:\xampp\htdocs\wish/wp-content/uploads/2021/12/transfer.png 
[2023-09-09 20:12:36 : INFO] - Could not find file for image: ID=1202, file=C:\xampp\htdocs\wish/wp-content/uploads/2021/12/banner4.png 
[2023-09-09 20:12:36 : INFO] - Could not find file for image: ID=1201, file=C:\xampp\htdocs\wish/wp-content/uploads/2021/12/mbanner-1.png 
[2023-09-09 20:12:36 : INFO] - Could not find file for image: ID=1184, file=C:\xampp\htdocs\wish/wp-content/uploads/2021/12/banner3.png 
[2023-09-09 20:12:36 : INFO] - Could not find file for image: ID=1183, file=C:\xampp\htdocs\wish/wp-content/uploads/2021/12/banner2.png 
[2023-09-09 20:12:36 : INFO] - Could not find file for image: ID=1178, file=C:\xampp\htdocs\wish/wp-content/uploads/2021/12/banner.png 
[2023-09-09 20:12:36 : INFO] - Could not find file for image: ID=1107, file=C:\xampp\htdocs\wish/wp-content/uploads/2021/12/New-Project-1.png 
[2023-09-09 20:12:36 : INFO] - Could not find file for image: ID=1075, file=C:\xampp\htdocs\wish/wp-content/uploads/2021/12/banner-2-women-shop.png 
[2023-09-09 20:12:36 : INFO] - Could not find file for image: ID=1012, file=C:\xampp\htdocs\wish/wp-content/uploads/2021/06/10.png 
[2023-09-09 20:12:36 : INFO] - Could not find file for image: ID=1011, file=C:\xampp\htdocs\wish/wp-content/uploads/2021/06/p122.png 
[2023-09-09 20:12:36 : INFO] - Could not find file for image: ID=1010, file=C:\xampp\htdocs\wish/wp-content/uploads/2021/06/p111.png 
[2023-09-09 20:12:36 : INFO] - Could not find file for image: ID=1009, file=C:\xampp\htdocs\wish/wp-content/uploads/2021/02/p19.png 
[2023-09-09 20:12:36 : INFO] - Could not find file for image: ID=924, file=C:\xampp\htdocs\wish/wp-content/uploads/2021/06/9.png 
[2023-09-09 20:12:36 : INFO] - Could not find file for image: ID=923, file=C:\xampp\htdocs\wish/wp-content/uploads/2021/06/8.png 
[2023-09-09 20:12:36 : INFO] - Could not find file for image: ID=922, file=C:\xampp\htdocs\wish/wp-content/uploads/2021/06/7.png 
[2023-09-09 20:12:36 : INFO] - Could not find file for image: ID=921, file=C:\xampp\htdocs\wish/wp-content/uploads/2021/06/6.png 
[2023-09-09 20:12:36 : INFO] - Could not find file for image: ID=920, file=C:\xampp\htdocs\wish/wp-content/uploads/2021/06/5.png 
[2023-09-09 20:12:36 : INFO] - Could not find file for image: ID=919, file=C:\xampp\htdocs\wish/wp-content/uploads/2021/06/4.png 
[2023-09-09 20:12:36 : INFO] - Could not find file for image: ID=918, file=C:\xampp\htdocs\wish/wp-content/uploads/2021/06/3.png 
[2023-09-09 20:12:36 : INFO] - Could not find file for image: ID=917, file=C:\xampp\htdocs\wish/wp-content/uploads/2021/06/2.png 
[2023-09-09 20:12:36 : INFO] - Could not find file for image: ID=916, file=C:\xampp\htdocs\wish/wp-content/uploads/2021/06/1.png 
[2023-09-09 20:12:36 : INFO] - Could not find file for image: ID=910, file=C:\xampp\htdocs\wish/wp-content/uploads/2021/06/p18-1.png 
[2023-09-09 20:12:36 : INFO] - Could not find file for image: ID=909, file=C:\xampp\htdocs\wish/wp-content/uploads/2021/06/p17-1.png 
[2023-09-09 20:12:36 : INFO] - Could not find file for image: ID=908, file=C:\xampp\htdocs\wish/wp-content/uploads/2021/06/p18.png 
[2023-09-09 20:12:36 : INFO] - Could not find file for image: ID=907, file=C:\xampp\htdocs\wish/wp-content/uploads/2021/06/product8.png 
[2023-09-09 20:12:36 : INFO] - Could not find file for image: ID=905, file=C:\xampp\htdocs\wish/wp-content/uploads/2021/06/product-3.png 
[2023-09-09 20:12:36 : INFO] - Could not find file for image: ID=906, file=C:\xampp\htdocs\wish/wp-content/uploads/2021/06/product-4.png 
[2023-09-09 20:12:36 : INFO] - Could not find file for image: ID=904, file=C:\xampp\htdocs\wish/wp-content/uploads/2021/06/p17.png 
[2023-09-09 20:12:36 : INFO] - Could not find file for image: ID=902, file=C:\xampp\htdocs\wish/wp-content/uploads/2021/06/p12.png 
[2023-09-09 20:12:36 : INFO] - Could not find file for image: ID=903, file=C:\xampp\htdocs\wish/wp-content/uploads/2021/06/p14.png 
[2023-09-09 20:12:36 : INFO] - Could not find file for image: ID=900, file=C:\xampp\htdocs\wish/wp-content/uploads/2021/06/p10.png 
[2023-09-09 20:12:36 : INFO] - Could not find file for image: ID=901, file=C:\xampp\htdocs\wish/wp-content/uploads/2021/06/p11.png 
[2023-09-09 20:12:36 : INFO] - Could not find file for image: ID=899, file=C:\xampp\htdocs\wish/wp-content/uploads/2021/06/p9-1.png 
[2023-09-09 20:12:36 : INFO] - Could not find file for image: ID=897, file=C:\xampp\htdocs\wish/wp-content/uploads/2021/06/p8.png 
[2023-09-09 20:12:36 : INFO] - Could not find file for image: ID=898, file=C:\xampp\htdocs\wish/wp-content/uploads/2021/06/p9.png 
[2023-09-09 20:12:36 : INFO] - Could not find file for image: ID=896, file=C:\xampp\htdocs\wish/wp-content/uploads/2021/06/p5-2.png 
[2023-09-09 20:12:36 : INFO] - Could not find file for image: ID=894, file=C:\xampp\htdocs\wish/wp-content/uploads/2021/06/p2-2.png 
[2023-09-09 20:12:36 : INFO] - Could not find file for image: ID=895, file=C:\xampp\htdocs\wish/wp-content/uploads/2021/06/p3-2.png 
[2023-09-09 20:12:36 : INFO] - Could not find file for image: ID=892, file=C:\xampp\htdocs\wish/wp-content/uploads/2021/06/bag-7.png 
[2023-09-09 20:12:36 : INFO] - Could not find file for image: ID=893, file=C:\xampp\htdocs\wish/wp-content/uploads/2021/06/p1.png 
[2023-09-09 20:12:36 : INFO] - Could not find file for image: ID=891, file=C:\xampp\htdocs\wish/wp-content/uploads/2021/06/bag-2.png 
[2023-09-09 20:12:36 : INFO] - Could not find file for image: ID=890, file=C:\xampp\htdocs\wish/wp-content/uploads/2021/06/backpack-3.png 
[2023-09-09 20:12:36 : INFO] - Could not find file for image: ID=371, file=C:\xampp\htdocs\wish/wp-content/uploads/2021/02/p8-1.png 
[2023-09-09 20:12:36 : INFO] - Could not find file for image: ID=373, file=C:\xampp\htdocs\wish/wp-content/uploads/2021/02/p13-1.png 
[2023-09-09 20:12:36 : INFO] - Could not find file for image: ID=474, file=C:\xampp\htdocs\wish/wp-content/uploads/2020/07/woocommerce-placeholder.png 
[2023-09-10 01:31:17 : INFO] - Could not find file for image: ID=1553, file=C:\xampp\htdocs\wish/wp-content/uploads/2023/09/banner-2-women-shop-240x300-1.png 
[2023-09-10 01:31:17 : INFO] - Could not find file for image: ID=1552, file=C:\xampp\htdocs\wish/wp-content/uploads/2023/09/New_Project__2_-removebg-preview-256x300-1-1.png 
[2023-09-10 01:31:17 : INFO] - Could not find file for image: ID=1551, file=C:\xampp\htdocs\wish/wp-content/uploads/2023/09/logo-gut.png 
[2023-09-10 01:31:17 : INFO] - Could not find file for image: ID=802, file=C:\xampp\htdocs\wish/wp-content/uploads/2023/09/New_Project__2_-removebg-preview-256x300-1.png 
[2023-09-10 01:31:17 : INFO] - Could not find file for image: ID=801, file=C:\xampp\htdocs\wish/wp-content/uploads/2023/09/logo-menia.png 
[2023-09-10 01:31:17 : INFO] - Could not find file for image: ID=657, file=C:\xampp\htdocs\wish/wp-content/uploads/2022/01/logo-menia.png 
[2023-09-10 01:31:17 : INFO] - Could not find file for image: ID=628, file=C:\xampp\htdocs\wish/wp-content/uploads/2022/01/fruits-banner.png 
[2023-09-10 01:31:17 : INFO] - Could not find file for image: ID=600, file=C:\xampp\htdocs\wish/wp-content/uploads/2022/01/veg.png 
[2023-09-10 01:31:17 : INFO] - Could not find file for image: ID=599, file=C:\xampp\htdocs\wish/wp-content/uploads/2022/01/pulses.png 
[2023-09-10 01:31:17 : INFO] - Could not find file for image: ID=598, file=C:\xampp\htdocs\wish/wp-content/uploads/2022/01/fruits.png 
[2023-09-10 01:31:17 : INFO] - Could not find file for image: ID=597, file=C:\xampp\htdocs\wish/wp-content/uploads/2022/01/corn.png 
[2023-09-10 01:31:17 : INFO] - Could not find file for image: ID=596, file=C:\xampp\htdocs\wish/wp-content/uploads/2022/01/cake.png 
[2023-09-10 01:31:17 : INFO] - Could not find file for image: ID=595, file=C:\xampp\htdocs\wish/wp-content/uploads/2022/01/dairy-pro.png 
[2023-09-10 01:31:17 : INFO] - Could not find file for image: ID=509, file=C:\xampp\htdocs\wish/wp-content/uploads/2022/01/New_Project__2_-removebg-preview.png 
[2023-09-10 01:31:17 : INFO] - Could not find file for image: ID=498, file=C:\xampp\htdocs\wish/wp-content/uploads/2022/01/main.png 
[2023-09-10 01:31:17 : INFO] - Could not find file for image: ID=1360, file=C:\xampp\htdocs\wish/wp-content/uploads/2022/01/maina-1.png 
[2023-09-10 01:31:17 : INFO] - Could not find file for image: ID=1347, file=C:\xampp\htdocs\wish/wp-content/uploads/2022/01/logo-shop.png 
[2023-09-10 01:31:17 : INFO] - Could not find file for image: ID=1342, file=C:\xampp\htdocs\wish/wp-content/uploads/2021/06/b4.png 
[2023-09-10 01:31:17 : INFO] - Could not find file for image: ID=1341, file=C:\xampp\htdocs\wish/wp-content/uploads/2021/06/b3.png 
[2023-09-10 01:31:17 : INFO] - Could not find file for image: ID=1340, file=C:\xampp\htdocs\wish/wp-content/uploads/2021/06/b2.png 
[2023-09-10 01:31:17 : INFO] - Could not find file for image: ID=1339, file=C:\xampp\htdocs\wish/wp-content/uploads/2021/06/b1.png 
[2023-09-10 01:31:17 : INFO] - Could not find file for image: ID=1234, file=C:\xampp\htdocs\wish/wp-content/uploads/2021/12/br3.png 
[2023-09-10 01:31:17 : INFO] - Could not find file for image: ID=1233, file=C:\xampp\htdocs\wish/wp-content/uploads/2021/12/b4.png 
[2023-09-10 01:31:17 : INFO] - Could not find file for image: ID=1232, file=C:\xampp\htdocs\wish/wp-content/uploads/2021/12/br1.png 
[2023-09-10 01:31:17 : INFO] - Could not find file for image: ID=1231, file=C:\xampp\htdocs\wish/wp-content/uploads/2021/12/br2.png 
[2023-09-10 01:31:17 : INFO] - Could not find file for image: ID=1230, file=C:\xampp\htdocs\wish/wp-content/uploads/2021/12/br5-1.png 
[2023-09-10 01:31:17 : INFO] - Could not find file for image: ID=1223, file=C:\xampp\htdocs\wish/wp-content/uploads/2021/12/watch.png 
[2023-09-10 01:31:17 : INFO] - Could not find file for image: ID=1221, file=C:\xampp\htdocs\wish/wp-content/uploads/2021/12/ad12.png 
[2023-09-10 01:31:17 : INFO] - Could not find file for image: ID=1211, file=C:\xampp\htdocs\wish/wp-content/uploads/2021/12/ad11.png 
[2023-09-10 01:31:17 : INFO] - Could not find file for image: ID=1207, file=C:\xampp\htdocs\wish/wp-content/uploads/2021/12/transfer.png 
[2023-09-10 01:31:17 : INFO] - Could not find file for image: ID=1202, file=C:\xampp\htdocs\wish/wp-content/uploads/2021/12/banner4.png 
[2023-09-10 01:31:17 : INFO] - Could not find file for image: ID=1201, file=C:\xampp\htdocs\wish/wp-content/uploads/2021/12/mbanner-1.png 
[2023-09-10 01:31:17 : INFO] - Could not find file for image: ID=1184, file=C:\xampp\htdocs\wish/wp-content/uploads/2021/12/banner3.png 
[2023-09-10 01:31:17 : INFO] - Could not find file for image: ID=1183, file=C:\xampp\htdocs\wish/wp-content/uploads/2021/12/banner2.png 
[2023-09-10 01:31:17 : INFO] - Could not find file for image: ID=1178, file=C:\xampp\htdocs\wish/wp-content/uploads/2021/12/banner.png 
[2023-09-10 01:31:17 : INFO] - Could not find file for image: ID=1107, file=C:\xampp\htdocs\wish/wp-content/uploads/2021/12/New-Project-1.png 
[2023-09-10 01:31:17 : INFO] - Could not find file for image: ID=1075, file=C:\xampp\htdocs\wish/wp-content/uploads/2021/12/banner-2-women-shop.png 
[2023-09-10 01:31:17 : INFO] - Could not find file for image: ID=1012, file=C:\xampp\htdocs\wish/wp-content/uploads/2021/06/10.png 
[2023-09-10 01:31:17 : INFO] - Could not find file for image: ID=1011, file=C:\xampp\htdocs\wish/wp-content/uploads/2021/06/p122.png 
[2023-09-10 01:31:17 : INFO] - Could not find file for image: ID=1010, file=C:\xampp\htdocs\wish/wp-content/uploads/2021/06/p111.png 
[2023-09-10 01:31:17 : INFO] - Could not find file for image: ID=1009, file=C:\xampp\htdocs\wish/wp-content/uploads/2021/02/p19.png 
[2023-09-10 01:31:17 : INFO] - Could not find file for image: ID=924, file=C:\xampp\htdocs\wish/wp-content/uploads/2021/06/9.png 
[2023-09-10 01:31:17 : INFO] - Could not find file for image: ID=923, file=C:\xampp\htdocs\wish/wp-content/uploads/2021/06/8.png 
[2023-09-10 01:31:17 : INFO] - Could not find file for image: ID=922, file=C:\xampp\htdocs\wish/wp-content/uploads/2021/06/7.png 
[2023-09-10 01:31:17 : INFO] - Could not find file for image: ID=921, file=C:\xampp\htdocs\wish/wp-content/uploads/2021/06/6.png 
[2023-09-10 01:31:17 : INFO] - Could not find file for image: ID=920, file=C:\xampp\htdocs\wish/wp-content/uploads/2021/06/5.png 
[2023-09-10 01:31:17 : INFO] - Could not find file for image: ID=919, file=C:\xampp\htdocs\wish/wp-content/uploads/2021/06/4.png 
[2023-09-10 01:31:17 : INFO] - Could not find file for image: ID=918, file=C:\xampp\htdocs\wish/wp-content/uploads/2021/06/3.png 
[2023-09-10 01:31:17 : INFO] - Could not find file for image: ID=917, file=C:\xampp\htdocs\wish/wp-content/uploads/2021/06/2.png 
[2023-09-10 01:31:17 : INFO] - Could not find file for image: ID=916, file=C:\xampp\htdocs\wish/wp-content/uploads/2021/06/1.png 
[2023-09-10 01:31:17 : INFO] - Could not find file for image: ID=910, file=C:\xampp\htdocs\wish/wp-content/uploads/2021/06/p18-1.png 
[2023-09-10 01:31:17 : INFO] - Could not find file for image: ID=909, file=C:\xampp\htdocs\wish/wp-content/uploads/2021/06/p17-1.png 
[2023-09-10 01:31:17 : INFO] - Could not find file for image: ID=908, file=C:\xampp\htdocs\wish/wp-content/uploads/2021/06/p18.png 
[2023-09-10 01:31:17 : INFO] - Could not find file for image: ID=907, file=C:\xampp\htdocs\wish/wp-content/uploads/2021/06/product8.png 
[2023-09-10 01:31:17 : INFO] - Could not find file for image: ID=905, file=C:\xampp\htdocs\wish/wp-content/uploads/2021/06/product-3.png 
[2023-09-10 01:31:17 : INFO] - Could not find file for image: ID=906, file=C:\xampp\htdocs\wish/wp-content/uploads/2021/06/product-4.png 
[2023-09-10 01:31:17 : INFO] - Could not find file for image: ID=904, file=C:\xampp\htdocs\wish/wp-content/uploads/2021/06/p17.png 
[2023-09-10 01:31:17 : INFO] - Could not find file for image: ID=902, file=C:\xampp\htdocs\wish/wp-content/uploads/2021/06/p12.png 
[2023-09-10 01:31:17 : INFO] - Could not find file for image: ID=903, file=C:\xampp\htdocs\wish/wp-content/uploads/2021/06/p14.png 
[2023-09-10 01:31:17 : INFO] - Could not find file for image: ID=900, file=C:\xampp\htdocs\wish/wp-content/uploads/2021/06/p10.png 
[2023-09-10 01:31:17 : INFO] - Could not find file for image: ID=901, file=C:\xampp\htdocs\wish/wp-content/uploads/2021/06/p11.png 
[2023-09-10 01:31:17 : INFO] - Could not find file for image: ID=899, file=C:\xampp\htdocs\wish/wp-content/uploads/2021/06/p9-1.png 
[2023-09-10 01:31:17 : INFO] - Could not find file for image: ID=897, file=C:\xampp\htdocs\wish/wp-content/uploads/2021/06/p8.png 
[2023-09-10 01:31:17 : INFO] - Could not find file for image: ID=898, file=C:\xampp\htdocs\wish/wp-content/uploads/2021/06/p9.png 
[2023-09-10 01:31:17 : INFO] - Could not find file for image: ID=896, file=C:\xampp\htdocs\wish/wp-content/uploads/2021/06/p5-2.png 
[2023-09-10 01:31:17 : INFO] - Could not find file for image: ID=894, file=C:\xampp\htdocs\wish/wp-content/uploads/2021/06/p2-2.png 
[2023-09-10 01:31:17 : INFO] - Could not find file for image: ID=895, file=C:\xampp\htdocs\wish/wp-content/uploads/2021/06/p3-2.png 
[2023-09-10 01:31:17 : INFO] - Could not find file for image: ID=892, file=C:\xampp\htdocs\wish/wp-content/uploads/2021/06/bag-7.png 
[2023-09-10 01:31:17 : INFO] - Could not find file for image: ID=893, file=C:\xampp\htdocs\wish/wp-content/uploads/2021/06/p1.png 
[2023-09-10 01:31:17 : INFO] - Could not find file for image: ID=891, file=C:\xampp\htdocs\wish/wp-content/uploads/2021/06/bag-2.png 
[2023-09-10 01:31:17 : INFO] - Could not find file for image: ID=890, file=C:\xampp\htdocs\wish/wp-content/uploads/2021/06/backpack-3.png 
[2023-09-10 01:31:17 : INFO] - Could not find file for image: ID=371, file=C:\xampp\htdocs\wish/wp-content/uploads/2021/02/p8-1.png 
[2023-09-10 01:31:18 : INFO] - Could not find file for image: ID=373, file=C:\xampp\htdocs\wish/wp-content/uploads/2021/02/p13-1.png 
[2023-09-10 01:31:18 : INFO] - Could not find file for image: ID=474, file=C:\xampp\htdocs\wish/wp-content/uploads/2020/07/woocommerce-placeholder.png 
